0 info it worked if it ends with ok
1 verbose cli [
1 verbose cli   'C:\\Program Files\\nodejs\\node.exe',
1 verbose cli   'C:\\Program Files\\nodejs\\node_modules\\npm\\bin\\npm-cli.js',
1 verbose cli   'run',
1 verbose cli   'serve'
1 verbose cli ]
2 info using npm@6.14.13
3 info using node@v14.17.1
4 verbose run-script [ 'preserve', 'serve', 'postserve' ]
5 info lifecycle heep-hong@0.1.0~preserve: heep-hong@0.1.0
6 info lifecycle heep-hong@0.1.0~serve: heep-hong@0.1.0
7 verbose lifecycle heep-hong@0.1.0~serve: unsafe-perm in lifecycle true
8 verbose lifecycle heep-hong@0.1.0~serve: PATH: C:\Program Files\nodejs\node_modules\npm\node_modules\npm-lifecycle\node-gyp-bin;C:\codes\kanhan_work\hhs-jc-game\node_modules\.bin;C:\Program Files\Git\mingw64\bin;C:\Program Files\Git\usr\bin;C:\Users\Hayden Chung\bin;C:\Program Files (x86)\Common Files\Oracle\Java\javapath;C:\Python37\Scripts;C:\Python37;C:\WINDOWS\system32;C:\WINDOWS;C:\WINDOWS\System32\Wbem;C:\WINDOWS\System32\WindowsPowerShell\v1.0;C:\WINDOWS\System32\OpenSSH;C:\Program Files\Git\cmd;C:\Program Files\PuTTY;C:\Program Files\PowerShell\6;C:\xampp\php;C:\ProgramData\ComposerSetup\bin;C:\Program Files (x86)\Intel\Intel(R) Management Engine Components\DAL;C:\Program Files\Intel\Intel(R) Management Engine Components\DAL;C:\Program Files\Intel\WiFi\bin;C:\Program Files\Common Files\Intel\WirelessCommon;C:\Program Files\MySQL\MySQL Server 8.0\bin;C:\Program Files\dotnet;C:\Go\bin;C:\Program Files\nodejs;C:\Users\Hayden Chung\AppData\Local\Microsoft\WindowsApps;C:\Users\Hayden Chung\AppData\Local\Programs\Microsoft VS Code\bin;C:\src\flutter\flutter\bin;C:\Users\Hayden Chung\AppData\Roaming\Composer\vendor\bin;C:\Users\Hayden Chung\.dotnet\tools;C:\Users\Hayden Chung\go\bin;C:\Users\Hayden Chung\AppData\Local\Microsoft\WindowsApps;C:\Users\Hayden Chung\AppData\Roaming\npm
9 verbose lifecycle heep-hong@0.1.0~serve: CWD: C:\codes\kanhan_work\hhs-jc-game
10 silly lifecycle heep-hong@0.1.0~serve: Args: [ '/d /s /c', 'vue-cli-service serve' ]
11 silly lifecycle heep-hong@0.1.0~serve: Returned: code: 134  signal: null
12 info lifecycle heep-hong@0.1.0~serve: Failed to exec serve script
13 verbose stack Error: heep-hong@0.1.0 serve: `vue-cli-service serve`
13 verbose stack Exit status 134
13 verbose stack     at EventEmitter.<anonymous> (C:\Program Files\nodejs\node_modules\npm\node_modules\npm-lifecycle\index.js:332:16)
13 verbose stack     at EventEmitter.emit (events.js:375:28)
13 verbose stack     at ChildProcess.<anonymous> (C:\Program Files\nodejs\node_modules\npm\node_modules\npm-lifecycle\lib\spawn.js:55:14)
13 verbose stack     at ChildProcess.emit (events.js:375:28)
13 verbose stack     at maybeClose (internal/child_process.js:1055:16)
13 verbose stack     at Process.ChildProcess._handle.onexit (internal/child_process.js:288:5)
14 verbose pkgid heep-hong@0.1.0
15 verbose cwd C:\codes\kanhan_work\hhs-jc-game
16 verbose Windows_NT 10.0.19042
17 verbose argv "C:\\Program Files\\nodejs\\node.exe" "C:\\Program Files\\nodejs\\node_modules\\npm\\bin\\npm-cli.js" "run" "serve"
18 verbose node v14.17.1
19 verbose npm  v6.14.13
20 error code ELIFECYCLE
21 error errno 134
22 error heep-hong@0.1.0 serve: `vue-cli-service serve`
22 error Exit status 134
23 error Failed at the heep-hong@0.1.0 serve script.
23 error This is probably not a problem with npm. There is likely additional logging output above.
24 verbose exit [ 134, true ]
